[0m13:12:35.938145 [debug] [MainThread]: Sending event: {'category': 'dbt', 'action': 'invocation', 'label': 'start', 'context': [<snowplow_tracker.self_describing_json.SelfDescribingJson object at 0x105cbf3b0>, <snowplow_tracker.self_describing_json.SelfDescribingJson object at 0x106397350>, <snowplow_tracker.self_describing_json.SelfDescribingJson object at 0x106397080>]}


============================== 13:12:35.940611 | 77d9e900-987f-45af-b1f2-2b46d6898d84 ==============================
[0m13:12:35.940611 [info ] [MainThread]: Running with dbt=1.9.3
[0m13:12:35.940881 [debug] [MainThread]: running dbt with arguments {'printer_width': '80', 'indirect_selection': 'eager', 'log_cache_events': 'False', 'write_json': 'True', 'partial_parse': 'True', 'cache_selected_only': 'False', 'profiles_dir': '/Users/radu.stroe/.dbt', 'version_check': 'True', 'warn_error': 'None', 'log_path': 'logs', 'debug': 'False', 'fail_fast': 'False', 'use_colors': 'True', 'use_experimental_parser': 'False', 'no_print': 'None', 'quiet': 'False', 'empty': 'None', 'log_format': 'default', 'introspect': 'True', 'invocation_command': 'dbt init spotify_dbt', 'warn_error_options': 'WarnErrorOptions(include=[], exclude=[])', 'target_path': 'None', 'static_parser': 'True', 'send_anonymous_usage_stats': 'True'}
[0m13:12:36.019559 [warn ] [MainThread]: [ConfigFolderDirectory]: Unable to parse logging event dictionary. Failed to parse dir field: expected string or bytes-like object, got 'PosixPath'.. Dictionary: {'dir': PosixPath('/Users/radu.stroe/.dbt')}
[0m13:12:36.019921 [info ] [MainThread]: Creating dbt configuration folder at 
[0m13:12:36.021020 [debug] [MainThread]: Starter project path: /opt/anaconda3/lib/python3.12/site-packages/dbt/include/starter_project
[0m13:12:36.032058 [info ] [MainThread]: 
Your new dbt project "spotify_dbt" was created!

For more information on how to configure the profiles.yml file,
please consult the dbt documentation here:

  https://docs.getdbt.com/docs/configure-your-profile

One more thing:

Need help? Don't hesitate to reach out to us via GitHub issues or on Slack:

  https://community.getdbt.com/

Happy modeling!

[0m13:12:36.032339 [info ] [MainThread]: Setting up your profile.
[0m13:23:59.651326 [info ] [MainThread]: Profile spotify_dbt written to /Users/radu.stroe/.dbt/profiles.yml using target's profile_template.yml and your supplied values. Run 'dbt debug' to validate the connection.
[0m13:23:59.653911 [debug] [MainThread]: Resource report: {"command_name": "init", "command_success": true, "command_wall_clock_time": 683.7726, "process_in_blocks": "0", "process_kernel_time": 3.049848, "process_mem_max_rss": "233259008", "process_out_blocks": "0", "process_user_time": 1.383991}
[0m13:23:59.654373 [debug] [MainThread]: Command `dbt init` succeeded at 13:23:59.654281 after 683.77 seconds
[0m13:23:59.654795 [debug] [MainThread]: Sending event: {'category': 'dbt', 'action': 'invocation', 'label': 'end', 'context': [<snowplow_tracker.self_describing_json.SelfDescribingJson object at 0x1060dcb60>, <snowplow_tracker.self_describing_json.SelfDescribingJson object at 0x1690bd820>, <snowplow_tracker.self_describing_json.SelfDescribingJson object at 0x105d7fb90>]}
[0m13:23:59.655128 [debug] [MainThread]: Flushing usage events
[0m13:24:00.298738 [debug] [MainThread]: An error was encountered while trying to flush usage events
[0m13:26:43.571002 [debug] [MainThread]: Sending event: {'category': 'dbt', 'action': 'invocation', 'label': 'start', 'context': [<snowplow_tracker.self_describing_json.SelfDescribingJson object at 0x105747380>, <snowplow_tracker.self_describing_json.SelfDescribingJson object at 0x1065930b0>, <snowplow_tracker.self_describing_json.SelfDescribingJson object at 0x106592de0>]}


============================== 13:26:43.574073 | a30fcd76-1313-489b-aae9-e545f467d1f9 ==============================
[0m13:26:43.574073 [info ] [MainThread]: Running with dbt=1.9.3
[0m13:26:43.574346 [debug] [MainThread]: running dbt with arguments {'printer_width': '80', 'indirect_selection': 'eager', 'write_json': 'True', 'log_cache_events': 'False', 'partial_parse': 'True', 'cache_selected_only': 'False', 'profiles_dir': '/Users/radu.stroe/.dbt', 'debug': 'False', 'version_check': 'True', 'log_path': 'logs', 'fail_fast': 'False', 'warn_error': 'None', 'use_colors': 'True', 'use_experimental_parser': 'False', 'empty': 'None', 'quiet': 'False', 'no_print': 'None', 'warn_error_options': 'WarnErrorOptions(include=[], exclude=[])', 'static_parser': 'True', 'invocation_command': 'dbt debug', 'introspect': 'True', 'target_path': 'None', 'log_format': 'default', 'send_anonymous_usage_stats': 'True'}
[0m13:26:43.611346 [info ] [MainThread]: dbt version: 1.9.3
[0m13:26:43.611562 [info ] [MainThread]: python version: 3.12.7
[0m13:26:43.611687 [info ] [MainThread]: python path: /opt/anaconda3/bin/python
[0m13:26:43.611801 [info ] [MainThread]: os info: macOS-15.3-arm64-arm-64bit
[0m13:26:44.903339 [info ] [MainThread]: Using profiles dir at /Users/radu.stroe/.dbt
[0m13:26:44.903876 [info ] [MainThread]: Using profiles.yml file at /Users/radu.stroe/.dbt/profiles.yml
[0m13:26:44.904049 [info ] [MainThread]: Using dbt_project.yml file at /Users/radu.stroe/Documents/spotify_pipeline/dbt_project.yml
[0m13:26:44.904185 [info ] [MainThread]: adapter type: bigquery
[0m13:26:44.904323 [info ] [MainThread]: adapter version: 1.9.1
[0m13:26:44.904464 [info ] [MainThread]: Configuration:
[0m13:26:44.904573 [info ] [MainThread]:   profiles.yml file [[32mOK found and valid[0m]
[0m13:26:44.904679 [info ] [MainThread]:   dbt_project.yml file [[31mERROR not found[0m]
[0m13:26:44.904785 [info ] [MainThread]: Required dependencies:
[0m13:26:44.905014 [debug] [MainThread]: Executing "git --help"
[0m13:26:44.960052 [debug] [MainThread]: STDOUT: "b"usage: git [-v | --version] [-h | --help] [-C <path>] [-c <name>=<value>]\n           [--exec-path[=<path>]] [--html-path] [--man-path] [--info-path]\n           [-p | --paginate | -P | --no-pager] [--no-replace-objects] [--no-lazy-fetch]\n           [--no-optional-locks] [--no-advice] [--bare] [--git-dir=<path>]\n           [--work-tree=<path>] [--namespace=<name>] [--config-env=<name>=<envvar>]\n           <command> [<args>]\n\nThese are common Git commands used in various situations:\n\nstart a working area (see also: git help tutorial)\n   clone     Clone a repository into a new directory\n   init      Create an empty Git repository or reinitialize an existing one\n\nwork on the current change (see also: git help everyday)\n   add       Add file contents to the index\n   mv        Move or rename a file, a directory, or a symlink\n   restore   Restore working tree files\n   rm        Remove files from the working tree and from the index\n\nexamine the history and state (see also: git help revisions)\n   bisect    Use binary search to find the commit that introduced a bug\n   diff      Show changes between commits, commit and working tree, etc\n   grep      Print lines matching a pattern\n   log       Show commit logs\n   show      Show various types of objects\n   status    Show the working tree status\n\ngrow, mark and tweak your common history\n   branch    List, create, or delete branches\n   commit    Record changes to the repository\n   merge     Join two or more development histories together\n   rebase    Reapply commits on top of another base tip\n   reset     Reset current HEAD to the specified state\n   switch    Switch branches\n   tag       Create, list, delete or verify a tag object signed with GPG\n\ncollaborate (see also: git help workflows)\n   fetch     Download objects and refs from another repository\n   pull      Fetch from and integrate with another repository or a local branch\n   push      Update remote refs along with associated objects\n\n'git help -a' and 'git help -g' list available subcommands and some\nconcept guides. See 'git help <command>' or 'git help <concept>'\nto read about a specific subcommand or concept.\nSee 'git help git' for an overview of the system.\n""
[0m13:26:44.960622 [debug] [MainThread]: STDERR: "b''"
[0m13:26:44.960802 [info ] [MainThread]:  - git [[32mOK found[0m]

[0m13:26:44.960959 [info ] [MainThread]: Connection:
[0m13:26:44.961121 [info ] [MainThread]:   method: service-account
[0m13:26:44.961238 [info ] [MainThread]:   database: spotify-sandbox-453505
[0m13:26:44.961341 [info ] [MainThread]:   execution_project: spotify-sandbox-453505
[0m13:26:44.961443 [info ] [MainThread]:   schema: spotify_radu_dataset
[0m13:26:44.961552 [info ] [MainThread]:   location: EU
[0m13:26:44.961651 [info ] [MainThread]:   priority: interactive
[0m13:26:44.961755 [info ] [MainThread]:   maximum_bytes_billed: None
[0m13:26:44.961849 [info ] [MainThread]:   impersonate_service_account: None
[0m13:26:44.961948 [info ] [MainThread]:   job_retry_deadline_seconds: None
[0m13:26:44.962045 [info ] [MainThread]:   job_retries: 1
[0m13:26:44.962140 [info ] [MainThread]:   job_creation_timeout_seconds: None
[0m13:26:44.962240 [info ] [MainThread]:   job_execution_timeout_seconds: 300
[0m13:26:44.962338 [info ] [MainThread]:   timeout_seconds: 300
[0m13:26:44.962436 [info ] [MainThread]:   client_id: None
[0m13:26:44.962531 [info ] [MainThread]:   token_uri: None
[0m13:26:44.962628 [info ] [MainThread]:   dataproc_region: None
[0m13:26:44.962725 [info ] [MainThread]:   dataproc_cluster_name: None
[0m13:26:44.962817 [info ] [MainThread]:   gcs_bucket: None
[0m13:26:44.962910 [info ] [MainThread]:   dataproc_batch: None
[0m13:26:44.963230 [info ] [MainThread]: Registered adapter: bigquery=1.9.1
[0m13:26:45.053300 [debug] [MainThread]: Acquiring new bigquery connection 'debug'
[0m13:26:45.053620 [debug] [MainThread]: On debug: select 1 as id
[0m13:26:45.053792 [debug] [MainThread]: Opening a new connection, currently in state init
[0m13:26:48.610107 [debug] [MainThread]: BigQuery adapter: https://console.cloud.google.com/bigquery?project=spotify-sandbox-453505&j=bq:EU:0b45fab8-ae46-4478-9cf2-2122c154e2db&page=queryresults
[0m13:26:49.680086 [info ] [MainThread]:   Connection test: [[32mOK connection ok[0m]

[0m13:26:49.680431 [info ] [MainThread]: [31m1 check failed:[0m
[0m13:26:49.680776 [info ] [MainThread]: Project loading failed for the following reason:
 project path </Users/radu.stroe/Documents/spotify_pipeline/dbt_project.yml> not found

[0m13:26:49.681163 [debug] [MainThread]: Resource report: {"command_name": "debug", "command_success": false, "command_wall_clock_time": 6.1411614, "process_in_blocks": "0", "process_kernel_time": 3.182079, "process_mem_max_rss": "241860608", "process_out_blocks": "0", "process_user_time": 1.478471}
[0m13:26:49.681657 [debug] [MainThread]: Command `dbt debug` failed at 13:26:49.681530 after 6.14 seconds
[0m13:26:49.681940 [debug] [MainThread]: Connection 'debug' was properly closed.
[0m13:26:49.682209 [debug] [MainThread]: Sending event: {'category': 'dbt', 'action': 'invocation', 'label': 'end', 'context': [<snowplow_tracker.self_describing_json.SelfDescribingJson object at 0x16965e360>, <snowplow_tracker.self_describing_json.SelfDescribingJson object at 0x169ebac90>, <snowplow_tracker.self_describing_json.SelfDescribingJson object at 0x103a68680>]}
[0m13:26:49.682504 [debug] [MainThread]: Flushing usage events
[0m13:26:50.199857 [debug] [MainThread]: An error was encountered while trying to flush usage events
